/usr/lib/Seqrite:
ClientAgent
Seqrite

/usr/lib/Seqrite/ClientAgent:
accabldn
accacore.so
accadb.so
accamisc.so
accaresp.so
accasrvc
acevtlog.so
aipinst.so
aisystem.so
CAILogs
clagnt.dat
clrptmod.so
cmd
config
cspgen.so
cspparse.so
eventlog
haspcmd
haspconfig.db
installconfig.dat
libcrypto.so.1.1
libcurl.so.4
libssl.so.1.1
logconfig.yaml
logs
qhSelfprotection
reqgen.so
rpclient.so
rpcommon.so
tar
temp
udi.so
verinfo.so

/usr/lib/Seqrite/ClientAgent/CAILogs:
qhSelfprotection_ha_int.log

/usr/lib/Seqrite/ClientAgent/cmd:
chattr
chmod
cp
mv
rm
rmdir
touch

/usr/lib/Seqrite/ClientAgent/config:
accaadv.ini
accaconf.ini
cat.crt
clntinfo.db
install.ini
sslConfig.ini
ver.cnf

/usr/lib/Seqrite/ClientAgent/eventlog:
accasrvc.bak
accasrvc.log
rpclient.bak
rpclient.log

/usr/lib/Seqrite/ClientAgent/logs:
qhSelfprotection-log.log

/usr/lib/Seqrite/ClientAgent/temp:
carpt.db

/usr/lib/Seqrite/Seqrite:
00000001_index.bin
00000001_index.dat
00000015_index.bin
00000015_index.dat
00000145_index.bin
00000145_index.dat
0000030a_compns.lst
0000030a_index.bin
0000030a_index.dat
00000313_compns.lst
00000313_index.bin
00000313_index.dat
000004cd_compns.lst
000004cd_index.bin
000004cd_index.dat
000008ae_index.bin
000008ae_index.dat
000008af_index.bin
000008af_index.dat
000008b1_index.bin
000008b1_index.dat
ael00001.inx
aelmlnm.inx
aelsigex.inx
aelsigmt.inx
age00001.inx
agx00001.inx
agxmlnm.inx
agxsigexi.inx
agxsigmta.inx
anddcwl.inx
andgenex.inx
andgenmn.inx
angn0001.inx
anrdexln.inx
ansigmta.inx
apshdata.dat
apx00001.inx
apx00002.inx
apx00003.inx
apx00004.inx
apx00005.inx
apx00006.inx
apx00007.inx
apx00008.inx
apx00009.inx
apx00010.inx
arcvsdk.so
arjsdk.so
assetmgt.so
atmlnm.inx
ats00001.inx
atsigexi.inx
atsigmta.inx
avstatus
bdsrengine.dat
bfafupdt.so
bfafv.dat
bkdrscan.so
bkdrupdt.so
boot.drv
bootscan.so
boot.so
bpintwl.dat
CAILogs
certcln.inx
cfc00001.inx
cfc00002.inx
cfcwl.inx
chkdetn.inx
configquickheal
confschd
confsmbpro
dataproc.so
devdmn.sh
dgsigdb.inx
dgsig.inx
diagnostictool
digcert.inx
disasm.so
dnf00001.inx
dnfmlnm.inx
dnfsigexi.inx
dnfsigmta.inx
dnsip.inx
doc
dospoly.so
download
drvcomm.so
eewl.inx
elf00001.inx
elfcfc01.inx
elfcfc02.inx
elfcfc03.inx
elfexln.inx
elfmalnm.inx
elfmlnm.inx
elfsigex.inx
elfsigmt.inx
eml00001.inx
emlmlwnm.inx
emsigexi.inx
emudb.bin
engncheck.txt
engncore.so
entescan.so
enumasset
enupinfo.dat
epscatmap.dat
epsscan
epsscansett.dat
eps_sched_scansett.dat
filesdk.so
files.lst
gcfcsig.inx
genmlwnm.inx
heurscan.so
heurscn1.so
heurscn2.so
incmlwnm.inx
incupdt.so
index.bin
index.dat
inetsdk.so
info.conf
infoeml.dat
infostat.dat
latest.bin
libactivate.so
libaudio.so.2
libblkid.so.1
libcrypto.so.1.1
libcurl.so.4
libdbmod.so
libdbusmenu-qt.so.2
libdevxcfg.so.1.0
libexclusion.so
libicudata.so.48
libicui18n.so.48
libicuuc.so.48
libinet.so
libinets.so
libmagic.so.1
libmnl.so.0
libonlnalrt.so
libpng12.so.0
libQtCore.so.4
libQtDBus.so.4
libQtGui.so.4
libqt-mt.so.3
libQtXml.so.4
libregact.so
libsmbpro_s3.5.so.0.1.4
libsmbpro_s3.6.so.0.1.4
libsmbpro_s4.0.so.0.1.4
libsmbpro_s4.10.so.0.1.4
libsmbpro_s4.11.so.0.1.4
libsmbpro_s4.12.so.0.1.4
libsmbpro_s4.13.so.0.1.4
libsmbpro_s4.14.so.0.1.4
libsmbpro_s4.15.so.0.1.4
libsmbpro_s4.16.so.0.1.4
libsmbpro_s4.17.so.0.1.4
libsmbpro_s4.18.so.0.1.4
libsmbpro_s4.1.so.0.1.4
libsmbpro_s4.2.so.0.1.4
libsmbpro_s4.3.so.0.1.4
libsmbpro_s4.4.so.0.1.4
libsmbpro_s4.5.so.0.1.4
libsmbpro_s4.6.so.0.1.4
libsmbpro_s4.7.so.0.1.4
libsmbpro_s4.8.so.0.1.4
libsmbpro_s4.9.so.0.1.4
libsmbpro.so
libssl.so.1.1
libusb-1.0.so.0
libuuid.so.1
libvscan.so.2
libwebcat.so
libwebcitf.so
license.txt
links.bin
linworm.in0
linworm.in1
linworm.in2
linworm.in3
linworm.in4
linworm.inx
logconf.dat
logfun.so
logs
lscnwrap.so
LSMACEXE.EXT
LSONTEXE.EXT
lzesdk.so
macrinfo.so
macscan.so
magic.mgc
main.rpt
man
miscscan.so
mltiscan.so
ngavengn.dat
ngavwl.dat
npesdk.so
ocupdt.ini
olesdk.so
onldisst.ini
opeinfo.db
opeitf
opeitflogcfg.yaml
opeitf.so
OpenSource.txt
opestatus.dat
opsconf.ini
opscore.so
opsitf.so
opssvc
OPSSVC_PID.pid
opsuiitf.so
pcintwl.dat
pepoly1.so
pepoly2.so
pepoly.so
pescan.so
platform.so
preinstscansett.dat
pver.dat
qhavcli
qhavconf.dat
qhcdx
qhdevx
qhengver.cnf
qhfeature.dat
QHfunctions
qhhelper.so
qhhlpsvc
qhinet.opt
qhintlib.so
qhipcitf.so
qhissigs.inx
qh.png
qh-quickheal.directory
QHSambaProConf.sh
qhscand
qh-scanner
qh-scanner.desktop
qhscanui
qhscheduler.so
qhscn.opt
qhsmbconf
qhsmb.log
qhsmlbc.inx
qh-submenu
qhuninstall
qhuninstall.enc
qh-uninstaller
qh-uninstaller.desktop
qhuninst.png
qhupdate
qhupdate.opt
qimages
quarfun.so
quar.so
rarsdk.so
regact.so
regproc.so
reports
rtimerep.so
rtsysitf.so
sai00001.inx
scanapi.so
scanchk.dat
scannow
scansdk.so
scan.so
scansts.so
scanver.cnf
schddmn
schdlscn.so
schdntfy
sdc00001.inx
sdcmlnm.inx
sdcsigexi.inx
sdcsigmta.inx
section.ini
sfi00001.inx
sfxlst.dat
sig32ce.inx
sig32.inx
sigagmta.inx
siganddx.inx
sigapeme.inx
sigapmta.inx
sigaxexi.inx
sigboot.inx
sigdex01.inx
sigdex02.inx
sigdex03.inx
sigdex04.inx
sigdex05.inx
sigdex06.inx
sigdex07.inx
sigdex08.inx
sigdex09.inx
sigdex10.inx
sigdex11.inx
sigdex12.inx
sigdex13.inx
sigdex14.inx
sigdex15.inx
sigdos2.inx
sigelf01.inx
sigelf02.inx
sigelf03.inx
sigelf.inx
sigemmta.inx
sigepeme.inx
sigexdna.in0
sigexdna.in1
sigexdna.in2
sigexdna.in3
sigexdna.in4
sigexdna.inx
siggcfc.inx
sigmalnm.inx
sigmbkdr.inx
sigphsu.inx
sigpoly.inx
sigwormo.inx
smbpro.ini
sndstats.ini
sni00001.inx
srt00001.inx
srtmlnm.inx
srtsigexi.inx
srtsigmta.inx
systemtrayicon
tasks
teamviewerqs
temp
tmp
toolkit.a
translation
tsklst.inf
txt00001.inx
txtmlnm.inx
txtsigexi.inx
txtsigmta.inx
unarj32.so
unsrtm.dat
update.so
updlink.dat
updtconf.dat
updt.lck
updt.rpt
updttype.cfg
updturl.so
upldfile.so
urlcache.dat
urlcat
urlcheck.so
urlcinf.dat
usrinfo.ini
uvxdb.inx
uvxndb.inx
vbf00001.inx
vbfmlnm.inx
vbfsigexi.inx
vbfsigmta.inx
vbsscan.so
virlist.so
virlog.so
vssconf.dat
wccnf.dat
wccontext.ini
wcmap.dat
wcqhmap.dat
webcinfo.dat
websec.cfg
websecd
websec_debug.ini
wscatcnf.dat
wsintip.dat
wswebflt.dat
xdg-desktop-launcher

/usr/lib/Seqrite/Seqrite/CAILogs:
opeitf_ha_int.log

/usr/lib/Seqrite/Seqrite/doc:
html

/usr/lib/Seqrite/Seqrite/doc/html:
components_seqrite.htm
configuring.htm
configuringupdate.htm
devicecontrol.htm
externalDD.htm
filesNfolders.htm
home.htm
installing.htm
internet-network.htm
InternetSettings.htm
introduction.htm
passwordprot.htm
scan.htm
scanning.htm
scan_schedule.htm
scan_schedule_ui.htm
share_protection.htm
SQUEM logo.gif
support.htm
system.htm
Thumbs.db
uninstalling.htm
UpdateSettings.htm
viewreports.htm
virus_found.gif

/usr/lib/Seqrite/Seqrite/download:

/usr/lib/Seqrite/Seqrite/logs:
opeitflib.log
opeitf.log

/usr/lib/Seqrite/Seqrite/man:
confschd.1.gz
qhsmbconf.1.gz
qhuninstall.1.gz

/usr/lib/Seqrite/Seqrite/qimages:
about.bmp
back.xpm
bl3.gif
blanck.bmp
exit.bmp
file.bmp
folder.bmp
forward.xpm
help.bmp
home.xpm
ico.bmp
log.bmp
main.bmp
option.bmp
qh.png
qhuninst.png
reg.bmp
scan.bmp
schscn.bmp
schsum.png
scnprgrs.bmp
splash.bmp
thumbs.db
upd.bmp
virfnd.bmp
widget.bmp
wizard.bmp

/usr/lib/Seqrite/Seqrite/reports:
assetmgt.db
clnrpt.db
clrptsnd.db
CmplScn.dat
scn7715.log
scn8386.log
sqrpt.db
updt1357.log
updt2119.log
updt2495.log
updt2973.log
updt3464.log
updt4026.log
updt4391.log
updt4921.log
updt6227.log
updt7668.log
updt7715.log
updt8245.log
updt8386.log
updt8692.log
updt8756.log
updt9059.log
updt9335.log
updt9702.log

/usr/lib/Seqrite/Seqrite/systemtrayicon:
libsni-qt.so

/usr/lib/Seqrite/Seqrite/tasks:

/usr/lib/Seqrite/Seqrite/teamviewerqs:
config
doc
logfiles
teamviewer
tv_bin

/usr/lib/Seqrite/Seqrite/teamviewerqs/config:
global.conf

/usr/lib/Seqrite/Seqrite/teamviewerqs/doc:
DPA_de.txt
DPA_en.txt
EULA_de.txt
EULA_en.txt
License.txt
Lizenz.txt
third-party

/usr/lib/Seqrite/Seqrite/teamviewerqs/doc/third-party:
icu.txt
libxcb-xinput.txt
PipeWire.txt
Qt.txt

/usr/lib/Seqrite/Seqrite/teamviewerqs/logfiles:

/usr/lib/Seqrite/Seqrite/teamviewerqs/tv_bin:
archive.tar.xz
RTlib
script

/usr/lib/Seqrite/Seqrite/teamviewerqs/tv_bin/RTlib:

/usr/lib/Seqrite/Seqrite/teamviewerqs/tv_bin/script:
execscript
teamviewer
TeamViewer2017.asc
TeamViewer2020.asc
teamviewerd.DEB.conf
teamviewerd.pp
teamviewerd.RHEL.conf
teamviewerd.RPM.conf
teamviewerd.service
teamviewerd.sysv
teamviewer_setup
tv-delayed-start.sh
tvw_aux
tvw_config
tvw_daemon
tvw_exec
tvw_extra
tvw_libcheck
tvw_main
tvw_profile
tvw_update

/usr/lib/Seqrite/Seqrite/temp:

/usr/lib/Seqrite/Seqrite/tmp:

/usr/lib/Seqrite/Seqrite/translation:
en_AU
en_BW
en_CA
en_DK
en_GB
en_HK
en_IE
en_IE@euro
en_IN
en_NG
en_NZ
en_PH
en_SG
en_US
en_ZA
en_ZM
en_ZW

/usr/lib/Seqrite/Seqrite/translation/en_AU:
LC_MESSAGES

/usr/lib/Seqrite/Seqrite/translation/en_AU/LC_MESSAGES:
lang.mo

/usr/lib/Seqrite/Seqrite/translation/en_BW:
LC_MESSAGES

/usr/lib/Seqrite/Seqrite/translation/en_BW/LC_MESSAGES:
lang.mo

/usr/lib/Seqrite/Seqrite/translation/en_CA:
LC_MESSAGES

/usr/lib/Seqrite/Seqrite/translation/en_CA/LC_MESSAGES:
lang.mo

/usr/lib/Seqrite/Seqrite/translation/en_DK:
LC_MESSAGES

/usr/lib/Seqrite/Seqrite/translation/en_DK/LC_MESSAGES:
lang.mo

/usr/lib/Seqrite/Seqrite/translation/en_GB:
LC_MESSAGES

/usr/lib/Seqrite/Seqrite/translation/en_GB/LC_MESSAGES:
lang.mo

/usr/lib/Seqrite/Seqrite/translation/en_HK:
LC_MESSAGES

/usr/lib/Seqrite/Seqrite/translation/en_HK/LC_MESSAGES:
lang.mo

/usr/lib/Seqrite/Seqrite/translation/en_IE:
LC_MESSAGES

/usr/lib/Seqrite/Seqrite/translation/en_IE/LC_MESSAGES:
lang.mo

/usr/lib/Seqrite/Seqrite/translation/en_IE@euro:
LC_MESSAGES

/usr/lib/Seqrite/Seqrite/translation/en_IE@euro/LC_MESSAGES:
lang.mo

/usr/lib/Seqrite/Seqrite/translation/en_IN:
LC_MESSAGES

/usr/lib/Seqrite/Seqrite/translation/en_IN/LC_MESSAGES:
lang.mo

/usr/lib/Seqrite/Seqrite/translation/en_NG:
LC_MESSAGES

/usr/lib/Seqrite/Seqrite/translation/en_NG/LC_MESSAGES:
lang.mo

/usr/lib/Seqrite/Seqrite/translation/en_NZ:
LC_MESSAGES

/usr/lib/Seqrite/Seqrite/translation/en_NZ/LC_MESSAGES:
lang.mo

/usr/lib/Seqrite/Seqrite/translation/en_PH:
LC_MESSAGES

/usr/lib/Seqrite/Seqrite/translation/en_PH/LC_MESSAGES:
lang.mo

/usr/lib/Seqrite/Seqrite/translation/en_SG:
LC_MESSAGES

/usr/lib/Seqrite/Seqrite/translation/en_SG/LC_MESSAGES:
lang.mo

/usr/lib/Seqrite/Seqrite/translation/en_US:
LC_MESSAGES

/usr/lib/Seqrite/Seqrite/translation/en_US/LC_MESSAGES:
lang.mo

/usr/lib/Seqrite/Seqrite/translation/en_ZA:
LC_MESSAGES

/usr/lib/Seqrite/Seqrite/translation/en_ZA/LC_MESSAGES:
lang.mo

/usr/lib/Seqrite/Seqrite/translation/en_ZM:
LC_MESSAGES

/usr/lib/Seqrite/Seqrite/translation/en_ZM/LC_MESSAGES:
lang.mo

/usr/lib/Seqrite/Seqrite/translation/en_ZW:
LC_MESSAGES

/usr/lib/Seqrite/Seqrite/translation/en_ZW/LC_MESSAGES:
lang.mo

/usr/lib/Seqrite/Seqrite/urlcat:
